<?xml version="1.0" encoding="UTF-8"?>
<testsuite name="com.example.project.TestInsertionSort" tests="6" skipped="0" failures="0" errors="0" timestamp="2025-02-27T01:43:17" hostname="codespaces-29b903" time="0.087">
  <properties/>
  <testcase name="testInsertionSort_EmptyArray()" classname="com.example.project.TestInsertionSort" time="0.015"/>
  <testcase name="testInsertionSort_ReverseSortedArray()" classname="com.example.project.TestInsertionSort" time="0.002"/>
  <testcase name="testInsertionSort_UnsortedArray()" classname="com.example.project.TestInsertionSort" time="0.002"/>
  <testcase name="testInsertionSort_AlreadySortedArray()" classname="com.example.project.TestInsertionSort" time="0.004"/>
  <testcase name="testInsertionSort_SingleElementArray()" classname="com.example.project.TestInsertionSort" time="0.0"/>
  <testcase name="testSelectionSort_Words()" classname="com.example.project.TestInsertionSort" time="0.045"/>
  <system-out><![CDATA[INSERTION SORT: Number of loop iterations: 0INSERTION SORT: Number of loop iterations: 10INSERTION SORT: Number of loop iterations: 5INSERTION SORT: Number of loop iterations: 0INSERTION SORT: Number of loop iterations: 0INSERTION SORT: Number of loop iterations: 257349]]></system-out>
  <system-err><![CDATA[]]></system-err>
</testsuite>
